<?xml version="1.0" encoding="UTF-8"?>
<!-- Generated by org.testng.reporters.JUnitReportReporter -->
<testsuite skipped="0" hostname="ChiragGarg.local" name="sample02.Sample_read02" tests="1" failures="0" timestamp="15 Jan 2020 13:40:33 GMT" time="4.784" errors="0">
  <testcase name="getdata" time="4.784" classname="sample02.Sample_read02"/>
</testsuite> <!-- sample02.Sample_read02 -->
